{"C:\\Users\\Piotrek\\Desktop\\kurwa\\plebanek_duda_tijo\\app\\app.js":{"path":"C:\\Users\\Piotrek\\Desktop\\kurwa\\plebanek_duda_tijo\\app\\app.js","s":{"1":1,"2":9,"3":4,"4":5,"5":1,"6":4,"7":0,"8":4,"9":14,"10":0,"11":14,"12":14,"13":14,"14":6,"15":6,"16":14,"17":4,"18":1},"b":{"1":[4,5],"2":[1,4],"3":[0,4],"4":[0,14],"5":[20,16]},"f":{"1":9},"fnMap":{"1":{"name":"sortArray","line":3,"loc":{"start":{"line":3,"column":0},"end":{"line":3,"column":26}}}},"statementMap":{"1":{"start":{"line":3,"column":0},"end":{"line":29,"column":1}},"2":{"start":{"line":4,"column":4},"end":{"line":6,"column":5}},"3":{"start":{"line":5,"column":8},"end":{"line":5,"column":21}},"4":{"start":{"line":7,"column":4},"end":{"line":9,"column":5}},"5":{"start":{"line":8,"column":8},"end":{"line":8,"column":21}},"6":{"start":{"line":10,"column":4},"end":{"line":12,"column":5}},"7":{"start":{"line":11,"column":8},"end":{"line":11,"column":21}},"8":{"start":{"line":15,"column":4},"end":{"line":27,"column":5}},"9":{"start":{"line":16,"column":8},"end":{"line":18,"column":9}},"10":{"start":{"line":17,"column":12},"end":{"line":17,"column":25}},"11":{"start":{"line":19,"column":8},"end":{"line":19,"column":33}},"12":{"start":{"line":20,"column":8},"end":{"line":20,"column":39}},"13":{"start":{"line":21,"column":8},"end":{"line":24,"column":9}},"14":{"start":{"line":22,"column":12},"end":{"line":22,"column":58}},"15":{"start":{"line":23,"column":12},"end":{"line":23,"column":27}},"16":{"start":{"line":26,"column":8},"end":{"line":26,"column":38}},"17":{"start":{"line":28,"column":4},"end":{"line":28,"column":17}},"18":{"start":{"line":30,"column":0},"end":{"line":32,"column":2}}},"branchMap":{"1":{"line":4,"type":"if","locations":[{"start":{"line":4,"column":4},"end":{"line":4,"column":4}},{"start":{"line":4,"column":4},"end":{"line":4,"column":4}}]},"2":{"line":7,"type":"if","locations":[{"start":{"line":7,"column":4},"end":{"line":7,"column":4}},{"start":{"line":7,"column":4},"end":{"line":7,"column":4}}]},"3":{"line":10,"type":"if","locations":[{"start":{"line":10,"column":4},"end":{"line":10,"column":4}},{"start":{"line":10,"column":4},"end":{"line":10,"column":4}}]},"4":{"line":16,"type":"if","locations":[{"start":{"line":16,"column":8},"end":{"line":16,"column":8}},{"start":{"line":16,"column":8},"end":{"line":16,"column":8}}]},"5":{"line":21,"type":"binary-expr","locations":[{"start":{"line":21,"column":15},"end":{"line":21,"column":32}},{"start":{"line":21,"column":36},"end":{"line":21,"column":61}}]}}}}